<?xml version="1.0" encoding="UTF-8"?>
<testng-results skipped="0" failed="0" total="1" passed="1">
  <reporter-output>
  </reporter-output>
  <suite name="BDD Test Suite" duration-ms="794" started-at="2020-10-09T07:51:20Z" finished-at="2020-10-09T07:51:21Z">
    <groups>
      <group name="cucumber">
        <method signature="TestRunner.feature(cucumber.api.testng.CucumberFeatureWrapper)[pri:0, instance:runners.TestRunner@13969fbe]" name="feature" class="runners.TestRunner"/>
      </group> <!-- cucumber -->
    </groups>
    <test name="Login and Update Profile Test" duration-ms="794" started-at="2020-10-09T07:51:20Z" finished-at="2020-10-09T07:51:21Z">
      <class name="runners.TestRunner">
        <test-method status="PASS" signature="setUpClass()[pri:0, instance:runners.TestRunner@13969fbe]" name="setUpClass" is-config="true" duration-ms="500" started-at="2020-10-09T02:51:20Z" finished-at="2020-10-09T02:51:20Z">
          <reporter-output>
          </reporter-output>
        </test-method> <!-- setUpClass -->
        <test-method status="PASS" signature="feature(cucumber.api.testng.CucumberFeatureWrapper)[pri:0, instance:runners.TestRunner@13969fbe]" name="feature" duration-ms="73" started-at="2020-10-09T02:51:21Z" description="Runs Cucumber Feature" data-provider="features" finished-at="2020-10-09T02:51:21Z">
          <params>
            <param index="0">
              <value>
                <![CDATA[Registration]]>
              </value>
            </param>
          </params>
          <reporter-output>
          </reporter-output>
        </test-method> <!-- feature -->
        <test-method status="PASS" signature="tearDownClass()[pri:0, instance:runners.TestRunner@13969fbe]" name="tearDownClass" is-config="true" duration-ms="41" started-at="2020-10-09T02:51:21Z" finished-at="2020-10-09T02:51:21Z">
          <reporter-output>
          </reporter-output>
        </test-method> <!-- tearDownClass -->
      </class> <!-- runners.TestRunner -->
    </test> <!-- Login and Update Profile Test -->
  </suite> <!-- BDD Test Suite -->
</testng-results>
